  Building Custom Rule D:/Google Drive/Studium/_HSKA-M_Sc/MasterThesis/Test-FMUs-master/CMakeLists.txt
  model.c
  fmi2Functions.c
  slave.c
  Code wird generiert...
     Bibliothek "D:/Google Drive/Studium/_HSKA-M_Sc/MasterThesis/Test-FMUs-master/debug/temp/Dahlquist/binaries/win64/Dahlquist.lib" und Objekt "D:/Google Drive/Studium/_HSKA-M_Sc/MasterThesis/Test-FMUs-master/debug/temp/Dahlquist/binaries/win64/Dahlquist.exp" werden erstellt.
  Dahlquist.vcxproj -> D:\Google Drive\Studium\_HSKA-M_Sc\MasterThesis\Test-FMUs-master\debug\temp\Dahlquist\binaries\win64\Dahlquist.dll
  modelDescription.xml
  binaries
  binaries/win64
  binaries/win64/Dahlquist.dll
  binaries/win64/Dahlquist.exp
  binaries/win64/Dahlquist.ilk
  binaries/win64/Dahlquist.lib
  binaries/win64/Dahlquist.pdb
  documentation
  documentation/Dahlquist_ref.svg
  documentation/index.html
  documentation/LICENSE.txt
  sources
  sources/all.c
  sources/config.h
  sources/fmi2Functions.c
  sources/model.c
  sources/model.h
  sources/slave.c
  sources/slave.h
